000 (112002555.000.000) 2023-01-16 11:23:58 Job submitted from host: <10.14.0.52:9618?addrs=10.14.0.52-9618&alias=ldas-pcdev6.ligo.caltech.edu&noUDP&sock=schedd_8391_1b46>
...
001 (112002555.000.000) 2023-01-16 23:23:50 Job executing on host: <10.14.3.29:9618?addrs=10.14.3.29-9618&alias=node529.cluster.ldas.cit&noUDP&sock=startd_3868_b46a>
...
006 (112002555.000.000) 2023-01-16 23:23:59 Image size of job updated: 48108
	39  -  MemoryUsage of job (MB)
	39204  -  ResidentSetSize of job (KB)
...
006 (112002555.000.000) 2023-01-16 23:28:07 Image size of job updated: 159235496
	39  -  MemoryUsage of job (MB)
	39204  -  ResidentSetSize of job (KB)
...
005 (112002555.000.000) 2023-01-16 23:28:08 Job terminated.
	(1) Normal termination (return value 0)
		Usr 0 00:01:08, Sys 0 00:00:07  -  Run Remote Usage
		Usr 0 00:00:00, Sys 0 00:00:00  -  Run Local Usage
		Usr 0 00:01:08, Sys 0 00:00:07  -  Total Remote Usage
		Usr 0 00:00:00, Sys 0 00:00:00  -  Total Local Usage
	0  -  Run Bytes Sent By Job
	0  -  Run Bytes Received By Job
	0  -  Total Bytes Sent By Job
	0  -  Total Bytes Received By Job
	Partitionable Resources :    Usage  Request Allocated Assigned
	   Cpus                 :     0.05        1         1 
	   Disk (KB)            :     1     1048576   1112457 
	   Gpus (Average)       :     0           1         1 "GPU-3a019d98"
	   GpusMemory (MB)      :     3                       
	   Memory (MB)          :    39        2048      2048 
	   mics                 :                           0 

	Job terminated of its own accord at 2023-01-17T07:28:07Z.
...
000 (112378456.000.000) 2023-01-19 08:39:52 Job submitted from host: <10.14.0.52:9618?addrs=10.14.0.52-9618&alias=ldas-pcdev6.ligo.caltech.edu&noUDP&sock=schedd_9452_dd42>
...
000 (112378457.000.000) 2023-01-19 08:40:15 Job submitted from host: <10.14.0.52:9618?addrs=10.14.0.52-9618&alias=ldas-pcdev6.ligo.caltech.edu&noUDP&sock=schedd_9452_dd42>
...
000 (112378458.000.000) 2023-01-19 08:40:18 Job submitted from host: <10.14.0.52:9618?addrs=10.14.0.52-9618&alias=ldas-pcdev6.ligo.caltech.edu&noUDP&sock=schedd_9452_dd42>
...
000 (112378459.000.000) 2023-01-19 08:40:33 Job submitted from host: <10.14.0.52:9618?addrs=10.14.0.52-9618&alias=ldas-pcdev6.ligo.caltech.edu&noUDP&sock=schedd_9452_dd42>
...
000 (112378460.000.000) 2023-01-19 08:41:03 Job submitted from host: <10.14.0.52:9618?addrs=10.14.0.52-9618&alias=ldas-pcdev6.ligo.caltech.edu&noUDP&sock=schedd_9452_dd42>
...
000 (112378461.000.000) 2023-01-19 08:41:15 Job submitted from host: <10.14.0.52:9618?addrs=10.14.0.52-9618&alias=ldas-pcdev6.ligo.caltech.edu&noUDP&sock=schedd_9452_dd42>
...
000 (112378462.000.000) 2023-01-19 08:41:35 Job submitted from host: <10.14.0.52:9618?addrs=10.14.0.52-9618&alias=ldas-pcdev6.ligo.caltech.edu&noUDP&sock=schedd_9452_dd42>
...
000 (112378463.000.000) 2023-01-19 08:41:38 Job submitted from host: <10.14.0.52:9618?addrs=10.14.0.52-9618&alias=ldas-pcdev6.ligo.caltech.edu&noUDP&sock=schedd_9452_dd42>
...
000 (112378464.000.000) 2023-01-19 08:42:22 Job submitted from host: <10.14.0.52:9618?addrs=10.14.0.52-9618&alias=ldas-pcdev6.ligo.caltech.edu&noUDP&sock=schedd_9452_dd42>
...
000 (112378465.000.000) 2023-01-19 08:42:25 Job submitted from host: <10.14.0.52:9618?addrs=10.14.0.52-9618&alias=ldas-pcdev6.ligo.caltech.edu&noUDP&sock=schedd_9452_dd42>
...
009 (112378456.000.000) 2023-01-19 08:56:36 Job was aborted.
	via condor_rm (by user ryan.raikman)
...
009 (112378457.000.000) 2023-01-19 08:56:44 Job was aborted.
	via condor_rm (by user ryan.raikman)
...
009 (112378458.000.000) 2023-01-19 08:56:47 Job was aborted.
	via condor_rm (by user ryan.raikman)
...
009 (112378459.000.000) 2023-01-19 08:56:53 Job was aborted.
	via condor_rm (by user ryan.raikman)
...
009 (112378460.000.000) 2023-01-19 08:57:00 Job was aborted.
	via condor_rm (by user ryan.raikman)
...
009 (112378461.000.000) 2023-01-19 08:57:02 Job was aborted.
	via condor_rm (by user ryan.raikman)
...
009 (112378462.000.000) 2023-01-19 08:57:05 Job was aborted.
	via condor_rm (by user ryan.raikman)
...
009 (112378463.000.000) 2023-01-19 08:57:12 Job was aborted.
	via condor_rm (by user ryan.raikman)
...
009 (112378464.000.000) 2023-01-19 08:57:15 Job was aborted.
	via condor_rm (by user ryan.raikman)
...
000 (4327635.000.000) 2023-01-19 08:58:10 Job submitted from host: <10.14.0.121:9618?addrs=10.14.0.121-9618&alias=ldas-pcdev12.ligo.caltech.edu&noUDP&sock=schedd_16043_bdf8>
...
000 (4327636.000.000) 2023-01-19 08:58:28 Job submitted from host: <10.14.0.121:9618?addrs=10.14.0.121-9618&alias=ldas-pcdev12.ligo.caltech.edu&noUDP&sock=schedd_16043_bdf8>
...
000 (4327637.000.000) 2023-01-19 08:58:36 Job submitted from host: <10.14.0.121:9618?addrs=10.14.0.121-9618&alias=ldas-pcdev12.ligo.caltech.edu&noUDP&sock=schedd_16043_bdf8>
...
000 (4327638.000.000) 2023-01-19 08:58:45 Job submitted from host: <10.14.0.121:9618?addrs=10.14.0.121-9618&alias=ldas-pcdev12.ligo.caltech.edu&noUDP&sock=schedd_16043_bdf8>
...
000 (4327639.000.000) 2023-01-19 08:58:54 Job submitted from host: <10.14.0.121:9618?addrs=10.14.0.121-9618&alias=ldas-pcdev12.ligo.caltech.edu&noUDP&sock=schedd_16043_bdf8>
...
000 (4327640.000.000) 2023-01-19 08:59:03 Job submitted from host: <10.14.0.121:9618?addrs=10.14.0.121-9618&alias=ldas-pcdev12.ligo.caltech.edu&noUDP&sock=schedd_16043_bdf8>
...
000 (4327641.000.000) 2023-01-19 08:59:13 Job submitted from host: <10.14.0.121:9618?addrs=10.14.0.121-9618&alias=ldas-pcdev12.ligo.caltech.edu&noUDP&sock=schedd_16043_bdf8>
...
000 (4327642.000.000) 2023-01-19 08:59:20 Job submitted from host: <10.14.0.121:9618?addrs=10.14.0.121-9618&alias=ldas-pcdev12.ligo.caltech.edu&noUDP&sock=schedd_16043_bdf8>
...
000 (4327643.000.000) 2023-01-19 08:59:27 Job submitted from host: <10.14.0.121:9618?addrs=10.14.0.121-9618&alias=ldas-pcdev12.ligo.caltech.edu&noUDP&sock=schedd_16043_bdf8>
...
000 (4327644.000.000) 2023-01-19 08:59:33 Job submitted from host: <10.14.0.121:9618?addrs=10.14.0.121-9618&alias=ldas-pcdev12.ligo.caltech.edu&noUDP&sock=schedd_16043_bdf8>
...
000 (38660748.000.000) 2023-01-19 09:24:25 Job submitted from host: <10.14.0.73:9618?addrs=10.14.0.73-9618&alias=ldas-pcdev13.ligo.caltech.edu&noUDP&sock=schedd_27374_dd98>
...
000 (38660749.000.000) 2023-01-19 09:24:37 Job submitted from host: <10.14.0.73:9618?addrs=10.14.0.73-9618&alias=ldas-pcdev13.ligo.caltech.edu&noUDP&sock=schedd_27374_dd98>
...
000 (38660750.000.000) 2023-01-19 09:24:44 Job submitted from host: <10.14.0.73:9618?addrs=10.14.0.73-9618&alias=ldas-pcdev13.ligo.caltech.edu&noUDP&sock=schedd_27374_dd98>
...
000 (38660751.000.000) 2023-01-19 09:24:52 Job submitted from host: <10.14.0.73:9618?addrs=10.14.0.73-9618&alias=ldas-pcdev13.ligo.caltech.edu&noUDP&sock=schedd_27374_dd98>
...
000 (38660752.000.000) 2023-01-19 09:24:57 Job submitted from host: <10.14.0.73:9618?addrs=10.14.0.73-9618&alias=ldas-pcdev13.ligo.caltech.edu&noUDP&sock=schedd_27374_dd98>
...
000 (38660753.000.000) 2023-01-19 09:25:03 Job submitted from host: <10.14.0.73:9618?addrs=10.14.0.73-9618&alias=ldas-pcdev13.ligo.caltech.edu&noUDP&sock=schedd_27374_dd98>
...
000 (38660754.000.000) 2023-01-19 09:25:10 Job submitted from host: <10.14.0.73:9618?addrs=10.14.0.73-9618&alias=ldas-pcdev13.ligo.caltech.edu&noUDP&sock=schedd_27374_dd98>
...
000 (38660755.000.000) 2023-01-19 09:25:16 Job submitted from host: <10.14.0.73:9618?addrs=10.14.0.73-9618&alias=ldas-pcdev13.ligo.caltech.edu&noUDP&sock=schedd_27374_dd98>
...
000 (38660756.000.000) 2023-01-19 09:25:23 Job submitted from host: <10.14.0.73:9618?addrs=10.14.0.73-9618&alias=ldas-pcdev13.ligo.caltech.edu&noUDP&sock=schedd_27374_dd98>
...
000 (38660757.000.000) 2023-01-19 09:25:31 Job submitted from host: <10.14.0.73:9618?addrs=10.14.0.73-9618&alias=ldas-pcdev13.ligo.caltech.edu&noUDP&sock=schedd_27374_dd98>
...
001 (4327637.000.000) 2023-01-19 09:32:11 Job executing on host: <10.14.3.27:9618?addrs=10.14.3.27-9618&alias=node527.cluster.ldas.cit&noUDP&sock=startd_3800_0ff9>
...
001 (4327635.000.000) 2023-01-19 09:32:11 Job executing on host: <10.14.9.225:9618?addrs=10.14.9.225-9618&alias=node2225.cluster.ldas.cit&noUDP&sock=startd_3804420_42a9>
...
001 (4327636.000.000) 2023-01-19 09:32:11 Job executing on host: <10.14.2.86:9618?addrs=10.14.2.86-9618&alias=node336.cluster.ldas.cit&noUDP&sock=startd_3352685_9fc4>
...
006 (4327636.000.000) 2023-01-19 09:32:20 Image size of job updated: 13280
	10  -  MemoryUsage of job (MB)
	9280  -  ResidentSetSize of job (KB)
...
006 (4327635.000.000) 2023-01-19 09:32:20 Image size of job updated: 13212
	10  -  MemoryUsage of job (MB)
	9280  -  ResidentSetSize of job (KB)
...
006 (4327637.000.000) 2023-01-19 09:32:20 Image size of job updated: 87064
	34  -  MemoryUsage of job (MB)
	34692  -  ResidentSetSize of job (KB)
...
006 (4327636.000.000) 2023-01-19 09:33:18 Image size of job updated: 4738520
	10  -  MemoryUsage of job (MB)
	9280  -  ResidentSetSize of job (KB)
...
005 (4327636.000.000) 2023-01-19 09:33:18 Job terminated.
	(1) Normal termination (return value 134)
		Usr 0 00:00:03, Sys 0 00:00:03  -  Run Remote Usage
		Usr 0 00:00:00, Sys 0 00:00:00  -  Run Local Usage
		Usr 0 00:00:03, Sys 0 00:00:03  -  Total Remote Usage
		Usr 0 00:00:00, Sys 0 00:00:00  -  Total Local Usage
	0  -  Run Bytes Sent By Job
	0  -  Run Bytes Received By Job
	0  -  Total Bytes Sent By Job
	0  -  Total Bytes Received By Job
	Partitionable Resources :    Usage  Request Allocated Assigned
	   Cpus                 :                 1         1 
	   Disk (KB)            :        1  1048576   1117637 
	   Gpus (Average)       :                 1         1 "GPU-2bd2e20c"
	   Memory (MB)          :       10     2048      2048 

	Job terminated of its own accord at 2023-01-19T17:33:18Z.
...
001 (4327638.000.000) 2023-01-19 09:33:18 Job executing on host: <10.14.2.86:9618?addrs=10.14.2.86-9618&alias=node336.cluster.ldas.cit&noUDP&sock=startd_3352685_9fc4>
...
006 (4327635.000.000) 2023-01-19 09:33:20 Image size of job updated: 4738504
	10  -  MemoryUsage of job (MB)
	9280  -  ResidentSetSize of job (KB)
...
005 (4327635.000.000) 2023-01-19 09:33:20 Job terminated.
	(1) Normal termination (return value 134)
		Usr 0 00:00:03, Sys 0 00:00:03  -  Run Remote Usage
		Usr 0 00:00:00, Sys 0 00:00:00  -  Run Local Usage
		Usr 0 00:00:03, Sys 0 00:00:03  -  Total Remote Usage
		Usr 0 00:00:00, Sys 0 00:00:00  -  Total Local Usage
	0  -  Run Bytes Sent By Job
	0  -  Run Bytes Received By Job
	0  -  Total Bytes Sent By Job
	0  -  Total Bytes Received By Job
	Partitionable Resources :    Usage  Request Allocated Assigned
	   Cpus                 :                 1         1 
	   Disk (KB)            :        1  1048576   1117636 
	   Gpus (Average)       :                 1         1 "GPU-844256a4"
	   Memory (MB)          :       10     2048      2048 

	Job terminated of its own accord at 2023-01-19T17:33:20Z.
...
001 (4327639.000.000) 2023-01-19 09:33:20 Job executing on host: <10.14.9.225:9618?addrs=10.14.9.225-9618&alias=node2225.cluster.ldas.cit&noUDP&sock=startd_3804420_42a9>
...
006 (4327638.000.000) 2023-01-19 09:33:26 Image size of job updated: 248328
	243  -  MemoryUsage of job (MB)
	248328  -  ResidentSetSize of job (KB)
...
006 (4327639.000.000) 2023-01-19 09:33:29 Image size of job updated: 242812
	238  -  MemoryUsage of job (MB)
	242812  -  ResidentSetSize of job (KB)
...
005 (4327638.000.000) 2023-01-19 09:33:31 Job terminated.
	(1) Normal termination (return value 134)
		Usr 0 00:00:03, Sys 0 00:00:03  -  Run Remote Usage
		Usr 0 00:00:00, Sys 0 00:00:00  -  Run Local Usage
		Usr 0 00:00:03, Sys 0 00:00:03  -  Total Remote Usage
		Usr 0 00:00:00, Sys 0 00:00:00  -  Total Local Usage
	0  -  Run Bytes Sent By Job
	0  -  Run Bytes Received By Job
	0  -  Total Bytes Sent By Job
	0  -  Total Bytes Received By Job
	Partitionable Resources :    Usage  Request Allocated Assigned
	   Cpus                 :                 1         1 
	   Disk (KB)            :        1  1048576   1117637 
	   Gpus (Average)       :                 1         1 "GPU-2bd2e20c"
	   Memory (MB)          :      243     2048      2048 

	Job terminated of its own accord at 2023-01-19T17:33:31Z.
...
001 (4327640.000.000) 2023-01-19 09:33:31 Job executing on host: <10.14.2.86:9618?addrs=10.14.2.86-9618&alias=node336.cluster.ldas.cit&noUDP&sock=startd_3352685_9fc4>
...
006 (4327639.000.000) 2023-01-19 09:33:36 Image size of job updated: 248212
	238  -  MemoryUsage of job (MB)
	242812  -  ResidentSetSize of job (KB)
...
005 (4327639.000.000) 2023-01-19 09:33:36 Job terminated.
	(1) Normal termination (return value 134)
		Usr 0 00:00:03, Sys 0 00:00:03  -  Run Remote Usage
		Usr 0 00:00:00, Sys 0 00:00:00  -  Run Local Usage
		Usr 0 00:00:03, Sys 0 00:00:03  -  Total Remote Usage
		Usr 0 00:00:00, Sys 0 00:00:00  -  Total Local Usage
	0  -  Run Bytes Sent By Job
	0  -  Run Bytes Received By Job
	0  -  Total Bytes Sent By Job
	0  -  Total Bytes Received By Job
	Partitionable Resources :    Usage  Request Allocated Assigned
	   Cpus                 :                 1         1 
	   Disk (KB)            :        1  1048576   1117636 
	   Gpus (Average)       :                 1         1 "GPU-844256a4"
	   Memory (MB)          :      238     2048      2048 

	Job terminated of its own accord at 2023-01-19T17:33:36Z.
...
001 (4327641.000.000) 2023-01-19 09:33:36 Job executing on host: <10.14.9.225:9618?addrs=10.14.9.225-9618&alias=node2225.cluster.ldas.cit&noUDP&sock=startd_3804420_42a9>
...
006 (4327640.000.000) 2023-01-19 09:33:40 Image size of job updated: 387736
	243  -  MemoryUsage of job (MB)
	248268  -  ResidentSetSize of job (KB)
...
006 (4327637.000.000) 2023-01-19 09:33:44 Image size of job updated: 151441424
	34  -  MemoryUsage of job (MB)
	34692  -  ResidentSetSize of job (KB)
...
005 (4327637.000.000) 2023-01-19 09:33:44 Job terminated.
	(1) Normal termination (return value 1)
		Usr 0 00:00:07, Sys 0 00:00:04  -  Run Remote Usage
		Usr 0 00:00:00, Sys 0 00:00:00  -  Run Local Usage
		Usr 0 00:00:07, Sys 0 00:00:04  -  Total Remote Usage
		Usr 0 00:00:00, Sys 0 00:00:00  -  Total Local Usage
	0  -  Run Bytes Sent By Job
	0  -  Run Bytes Received By Job
	0  -  Total Bytes Sent By Job
	0  -  Total Bytes Received By Job
	Partitionable Resources :    Usage  Request Allocated Assigned
	   Cpus                 :                 1         1 
	   Disk (KB)            :        1  1048576   1180064 
	   Gpus (Average)       :                 1         1 "GPU-99263cc5"
	   Memory (MB)          :       34     2048      2048 

	Job terminated of its own accord at 2023-01-19T17:33:44Z.
...
001 (4327642.000.000) 2023-01-19 09:33:44 Job executing on host: <10.14.3.27:9618?addrs=10.14.3.27-9618&alias=node527.cluster.ldas.cit&noUDP&sock=startd_3800_0ff9>
...
005 (4327640.000.000) 2023-01-19 09:33:45 Job terminated.
	(1) Normal termination (return value 134)
		Usr 0 00:00:03, Sys 0 00:00:03  -  Run Remote Usage
		Usr 0 00:00:00, Sys 0 00:00:00  -  Run Local Usage
		Usr 0 00:00:03, Sys 0 00:00:03  -  Total Remote Usage
		Usr 0 00:00:00, Sys 0 00:00:00  -  Total Local Usage
	0  -  Run Bytes Sent By Job
	0  -  Run Bytes Received By Job
	0  -  Total Bytes Sent By Job
	0  -  Total Bytes Received By Job
	Partitionable Resources :    Usage  Request Allocated Assigned
	   Cpus                 :                 1         1 
	   Disk (KB)            :        1  1048576   1117637 
	   Gpus (Average)       :                 1         1 "GPU-2bd2e20c"
	   Memory (MB)          :      243     2048      2048 

	Job terminated of its own accord at 2023-01-19T17:33:45Z.
...
001 (4327643.000.000) 2023-01-19 09:33:45 Job executing on host: <10.14.2.86:9618?addrs=10.14.2.86-9618&alias=node336.cluster.ldas.cit&noUDP&sock=startd_3352685_9fc4>
...
006 (4327641.000.000) 2023-01-19 09:33:45 Image size of job updated: 248200
	243  -  MemoryUsage of job (MB)
	248200  -  ResidentSetSize of job (KB)
...
005 (4327641.000.000) 2023-01-19 09:33:52 Job terminated.
	(1) Normal termination (return value 134)
		Usr 0 00:00:03, Sys 0 00:00:03  -  Run Remote Usage
		Usr 0 00:00:00, Sys 0 00:00:00  -  Run Local Usage
		Usr 0 00:00:03, Sys 0 00:00:03  -  Total Remote Usage
		Usr 0 00:00:00, Sys 0 00:00:00  -  Total Local Usage
	0  -  Run Bytes Sent By Job
	0  -  Run Bytes Received By Job
	0  -  Total Bytes Sent By Job
	0  -  Total Bytes Received By Job
	Partitionable Resources :    Usage  Request Allocated Assigned
	   Cpus                 :                 1         1 
	   Disk (KB)            :        1  1048576   1117636 
	   Gpus (Average)       :                 1         1 "GPU-844256a4"
	   Memory (MB)          :      243     2048      2048 

	Job terminated of its own accord at 2023-01-19T17:33:52Z.
...
001 (4327644.000.000) 2023-01-19 09:33:52 Job executing on host: <10.14.9.225:9618?addrs=10.14.9.225-9618&alias=node2225.cluster.ldas.cit&noUDP&sock=startd_3804420_42a9>
...
006 (4327643.000.000) 2023-01-19 09:33:53 Image size of job updated: 90096
	88  -  MemoryUsage of job (MB)
	90096  -  ResidentSetSize of job (KB)
...
006 (4327642.000.000) 2023-01-19 09:33:53 Image size of job updated: 334676
	228  -  MemoryUsage of job (MB)
	232500  -  ResidentSetSize of job (KB)
...
006 (4327643.000.000) 2023-01-19 09:33:59 Image size of job updated: 334680
	88  -  MemoryUsage of job (MB)
	90096  -  ResidentSetSize of job (KB)
...
005 (4327643.000.000) 2023-01-19 09:33:59 Job terminated.
	(1) Normal termination (return value 134)
		Usr 0 00:00:03, Sys 0 00:00:03  -  Run Remote Usage
		Usr 0 00:00:00, Sys 0 00:00:00  -  Run Local Usage
		Usr 0 00:00:03, Sys 0 00:00:03  -  Total Remote Usage
		Usr 0 00:00:00, Sys 0 00:00:00  -  Total Local Usage
	0  -  Run Bytes Sent By Job
	0  -  Run Bytes Received By Job
	0  -  Total Bytes Sent By Job
	0  -  Total Bytes Received By Job
	Partitionable Resources :    Usage  Request Allocated Assigned
	   Cpus                 :                 1         1 
	   Disk (KB)            :        1  1048576   1117637 
	   Gpus (Average)       :                 1         1 "GPU-2bd2e20c"
	   Memory (MB)          :       88     2048      2048 

	Job terminated of its own accord at 2023-01-19T17:33:59Z.
...
006 (4327644.000.000) 2023-01-19 09:34:00 Image size of job updated: 81336
	77  -  MemoryUsage of job (MB)
	78228  -  ResidentSetSize of job (KB)
...
006 (4327644.000.000) 2023-01-19 09:34:08 Image size of job updated: 147832
	77  -  MemoryUsage of job (MB)
	78228  -  ResidentSetSize of job (KB)
...
005 (4327644.000.000) 2023-01-19 09:34:09 Job terminated.
	(1) Normal termination (return value 134)
		Usr 0 00:00:03, Sys 0 00:00:03  -  Run Remote Usage
		Usr 0 00:00:00, Sys 0 00:00:00  -  Run Local Usage
		Usr 0 00:00:03, Sys 0 00:00:03  -  Total Remote Usage
		Usr 0 00:00:00, Sys 0 00:00:00  -  Total Local Usage
	0  -  Run Bytes Sent By Job
	0  -  Run Bytes Received By Job
	0  -  Total Bytes Sent By Job
	0  -  Total Bytes Received By Job
	Partitionable Resources :    Usage  Request Allocated Assigned
	   Cpus                 :                 1         1 
	   Disk (KB)            :        1  1048576   1117636 
	   Gpus (Average)       :                 1         1 "GPU-844256a4"
	   Memory (MB)          :       77     2048      2048 

	Job terminated of its own accord at 2023-01-19T17:34:08Z.
...
006 (4327642.000.000) 2023-01-19 09:38:54 Image size of job updated: 166150708
	1805  -  MemoryUsage of job (MB)
	1848316  -  ResidentSetSize of job (KB)
...
006 (4327642.000.000) 2023-01-19 09:43:54 Image size of job updated: 166163708
	1919  -  MemoryUsage of job (MB)
	1964148  -  ResidentSetSize of job (KB)
...
006 (4327642.000.000) 2023-01-19 09:48:54 Image size of job updated: 166211084
	2033  -  MemoryUsage of job (MB)
	2081600  -  ResidentSetSize of job (KB)
...
006 (4327642.000.000) 2023-01-19 09:53:55 Image size of job updated: 166320952
	2126  -  MemoryUsage of job (MB)
	2176184  -  ResidentSetSize of job (KB)
...
000 (4328765.000.000) 2023-01-19 09:54:49 Job submitted from host: <10.14.0.121:9618?addrs=10.14.0.121-9618&alias=ldas-pcdev12.ligo.caltech.edu&noUDP&sock=schedd_16043_bdf8>
...
000 (4328773.000.000) 2023-01-19 09:55:34 Job submitted from host: <10.14.0.121:9618?addrs=10.14.0.121-9618&alias=ldas-pcdev12.ligo.caltech.edu&noUDP&sock=schedd_16043_bdf8>
...
000 (4328775.000.000) 2023-01-19 09:55:43 Job submitted from host: <10.14.0.121:9618?addrs=10.14.0.121-9618&alias=ldas-pcdev12.ligo.caltech.edu&noUDP&sock=schedd_16043_bdf8>
...
000 (4328779.000.000) 2023-01-19 09:55:56 Job submitted from host: <10.14.0.121:9618?addrs=10.14.0.121-9618&alias=ldas-pcdev12.ligo.caltech.edu&noUDP&sock=schedd_16043_bdf8>
...
000 (4328787.000.000) 2023-01-19 09:56:27 Job submitted from host: <10.14.0.121:9618?addrs=10.14.0.121-9618&alias=ldas-pcdev12.ligo.caltech.edu&noUDP&sock=schedd_16043_bdf8>
...
000 (4328788.000.000) 2023-01-19 09:56:34 Job submitted from host: <10.14.0.121:9618?addrs=10.14.0.121-9618&alias=ldas-pcdev12.ligo.caltech.edu&noUDP&sock=schedd_16043_bdf8>
...
000 (4328792.000.000) 2023-01-19 09:56:41 Job submitted from host: <10.14.0.121:9618?addrs=10.14.0.121-9618&alias=ldas-pcdev12.ligo.caltech.edu&noUDP&sock=schedd_16043_bdf8>
...
000 (4328794.000.000) 2023-01-19 09:56:49 Job submitted from host: <10.14.0.121:9618?addrs=10.14.0.121-9618&alias=ldas-pcdev12.ligo.caltech.edu&noUDP&sock=schedd_16043_bdf8>
...
000 (4328800.000.000) 2023-01-19 09:57:03 Job submitted from host: <10.14.0.121:9618?addrs=10.14.0.121-9618&alias=ldas-pcdev12.ligo.caltech.edu&noUDP&sock=schedd_16043_bdf8>
...
006 (4327642.000.000) 2023-01-19 09:58:56 Image size of job updated: 166438220
	2280  -  MemoryUsage of job (MB)
	2334136  -  ResidentSetSize of job (KB)
...
006 (4327642.000.000) 2023-01-19 10:03:56 Image size of job updated: 166438220
	2396  -  MemoryUsage of job (MB)
	2452772  -  ResidentSetSize of job (KB)
...
006 (4327642.000.000) 2023-01-19 10:08:56 Image size of job updated: 166597756
	2493  -  MemoryUsage of job (MB)
	2552288  -  ResidentSetSize of job (KB)
...
006 (4327642.000.000) 2023-01-19 10:13:57 Image size of job updated: 166642472
	2636  -  MemoryUsage of job (MB)
	2698856  -  ResidentSetSize of job (KB)
...
006 (4327642.000.000) 2023-01-19 10:18:58 Image size of job updated: 166785768
	2844  -  MemoryUsage of job (MB)
	2912148  -  ResidentSetSize of job (KB)
...
006 (4327642.000.000) 2023-01-19 10:23:58 Image size of job updated: 167096708
	2917  -  MemoryUsage of job (MB)
	2986532  -  ResidentSetSize of job (KB)
...
006 (4327642.000.000) 2023-01-19 10:28:59 Image size of job updated: 167206244
	2995  -  MemoryUsage of job (MB)
	3066216  -  ResidentSetSize of job (KB)
...
006 (4327642.000.000) 2023-01-19 10:34:00 Image size of job updated: 167281956
	3069  -  MemoryUsage of job (MB)
	3142628  -  ResidentSetSize of job (KB)
...
006 (4327642.000.000) 2023-01-19 10:39:00 Image size of job updated: 167325004
	3146  -  MemoryUsage of job (MB)
	3220612  -  ResidentSetSize of job (KB)
...
006 (4327642.000.000) 2023-01-19 10:39:00 Image size of job updated: 167325004
	3146  -  MemoryUsage of job (MB)
	3220616  -  ResidentSetSize of job (KB)
...
012 (4327642.000.000) 2023-01-19 10:39:00 Job was held.
	MemoryUsage 3146 MB > RequestMemory 2048 MB.
	Code 26 Subcode 0
...
001 (4328773.000.000) 2023-01-19 10:51:17 Job executing on host: <10.14.2.249:9618?addrs=10.14.2.249-9618&alias=node499.cluster.ldas.cit&noUDP&sock=startd_3321117_9a10>
...
001 (4328765.000.000) 2023-01-19 10:51:17 Job executing on host: <10.14.9.222:9618?addrs=10.14.9.222-9618&alias=node2222.cluster.ldas.cit&noUDP&sock=startd_3526904_5dff>
...
001 (112378465.000.000) 2023-01-19 10:51:48 Job executing on host: <10.14.9.229:9618?addrs=10.14.9.229-9618&alias=node2229.cluster.ldas.cit&noUDP&sock=startd_3417667_df02>
...
-01-19 10:51:26 Image size of job updated: 13704
	10  -  MemoryUsage of job (MB)
	9704  -  ResidentSetSize of job (KB)
...
006 (4328773.000.000) 2023-01-19 10:52:08 Image size of job updated: 4738512
	33  -  MemoryUsage of job (MB)
	33680  -  ResidentSetSize of job (KB)
...
005 (4328773.000.000) 2023-01-19 10:52:08 Job terminated.
	(1) Normal termination (return value 134)
		Usr 0 00:00:03, Sys 0 00:00:03  -  Run Remote Usage
		Usr 0 00:00:00, Sys 0 00:00:00  -  Run Local Usage
		Usr 0 00:00:03, Sys 0 00:00:03  -  Total Remote Usage
		Usr 0 00:00:00, Sys 0 00:00:00  -  Total Local Usage
	0  -  Run Bytes Sent By Job
	0  -  Run Bytes Received By Job
	0  -  Total Bytes Sent By Job
	0  -  Total Bytes Received By Job
	Partitionable Resources :    Usage  Request Allocated Assigned
	   Cpus                 :        0        1         1 
	   Disk (KB)            :        1  1048576   1117637 
	   Gpus (Average)       :        0        1         1 "GPU-94892f7c"
	   GpusMemory (MB)      :        3                    
	   Memory (MB)          :       33     2048      2048 

	Job terminated of its own accord at 2023-01-19T18:52:08Z.
...
001 (4328775.000.000) 2023-01-19 10:52:08 Job executing on host: <10.14.2.249:9618?addrs=10.14.2.249-9618&alias=node499.cluster.ldas.cit&noUDP&sock=startd_3321117_9a10>
...
006 (4328775.000.000) 2023-01-19 10:52:16 Image size of job updated: 263828
	109  -  MemoryUsage of job (MB)
	110792  -  ResidentSetSize of job (KB)
...
005 (4328775.000.000) 2023-01-19 10:52:19 Job terminated.
	(1) Normal termination (return value 134)
		Usr 0 00:00:03, Sys 0 00:00:03  -  Run Remote Usage
		Usr 0 00:00:00, Sys 0 00:00:00  -  Run Local Usage
		Usr 0 00:00:03, Sys 0 00:00:03  -  Total Remote Usage
		Usr 0 00:00:00, Sys 0 00:00:00  -  Total Local Usage
	0  -  Run Bytes Sent By Job
	0  -  Run Bytes Received By Job
	0  -  Total Bytes Sent By Job
	0  -  Total Bytes Received By Job
	Partitionable Resources :    Usage  Request Allocated Assigned
	   Cpus                 :                 1         1 
	   Disk (KB)            :        1  1048576   1117637 
	   Gpus (Average)       :                 1         1 "GPU-94892f7c"
	   Memory (MB)          :      109     2048      2048 

	Job terminated of its own accord at 2023-01-19T18:52:19Z.
...
001 (4328779.000.000) 2023-01-19 10:52:19 Job executing on host: <10.14.2.249:9618?addrs=10.14.2.249-9618&alias=node499.cluster.ldas.cit&noUDP&sock=startd_3321117_9a10>
...
006 (4328765.000.000) 2023-01-19 10:52:22 Image size of job updated: 4738504
	10  -  MemoryUsage of job (MB)
	9704  -  ResidentSetSize of job (KB)
...
005 (4328765.000.000) 2023-01-19 10:52:22 Job terminated.
	(1) Normal termination (return value 1)
		Usr 0 00:00:03, Sys 0 00:00:03  -  Run Remote Usage
		Usr 0 00:00:00, Sys 0 00:00:00  -  Run Local Usage
		Usr 0 00:00:03, Sys 0 00:00:03  -  Total Remote Usage
		Usr 0 00:00:00, Sys 0 00:00:00  -  Total Local Usage
	0  -  Run Bytes Sent By Job
	0  -  Run Bytes Received By Job
	0  -  Total Bytes Sent By Job
	0  -  Total Bytes Received By Job
	Partitionable Resources :    Usage  Request Allocated Assigned
	   Cpus                 :     0.17        1         1 
	   Disk (KB)            :     1     1048576   1117636 
	   Gpus (Average)       :     0           1         1 "GPU-cb6dd2be"
	   GpusMemory (MB)      :     3                       
	   Memory (MB)          :    10        2048      2048 

	Job terminated of its own accord at 2023-01-19T18:52:22Z.
...
001 (4328787.000.000) 2023-01-19 10:52:22 Job executing on host: <10.14.9.222:9618?addrs=10.14.9.222-9618&alias=node2222.cluster.ldas.cit&noUDP&sock=startd_3526904_5dff>
...
006 (4328779.000.000) 2023-01-19 10:52:28 Image size of job updated: 127112
	125  -  MemoryUsage of job (MB)
	127112  -  ResidentSetSize of job (KB)
...
0005 (112378465.000.000) 2023-01-19 10:52:32 Job terminated.
	(1) Normal termination (return value 134)
		Usr 0 00:00:03, Sys 0 00:00:03  -  Run Remote Usage
		Usr 0 00:00:00, Sys 0 00:00:00  -  Run Local Usage
		Usr 0 00:00:03, Sys 0 00:00:03  -  Total Remote Usage
		Usr 0 00:00:00, Sys 0 00:00:00  -  Total Local Usage
	0  -  Run Bytes Sent By Job
	0  -  Run Bytes Received By Job
	0  -  Total Bytes Sent By Job
	0  -  Total Bytes Received By Job
	Partitionable Resources :    Usage  Request Allocated Assigned
	   Cpus                 :                 1         1 
	   Disk (KB)            :        1  1048576   1117636 
	   Gpus (Average)       :                 1         1 "GPU-d3491380"
	   Memory (MB)          :       38     2048      2048 

	Job terminated of its own accord at 2023-01-19T18:52:27Z.
...

	   Cpus                 :                 1         1 
	   Disk (KB)            :        1  1048576   1117637 
	   Gpus (Average)       :                 1         1 "GPU-94892f7c"
	   Memory (MB)          :      125     2048      2048 

	Job terminated of its own accord at 2023-01-19T18:52:31Z.
...
001 (4328788.000.000) 2023-01-19 10:52:31 Job executing on host: <10.14.2.249:9618?addrs=10.14.2.249-9618&alias=node499.cluster.ldas.cit&noUDP&sock=startd_3321117_9a10>
...
006 (4328787.000.000) 2023-01-19 10:52:34 Image size of job updated: 216536
	109  -  MemoryUsage of job (MB)
	110796  -  ResidentSetSize of job (KB)
...
005 (4328787.000.000) 2023-01-19 10:52:35 Job terminated.
	(1) Normal termination (return value 134)
		Usr 0 00:00:03, Sys 0 00:00:03  -  Run Remote Usage
		Usr 0 00:00:00, Sys 0 00:00:00  -  Run Local Usage
		Usr 0 00:00:03, Sys 0 00:00:03  -  Total Remote Usage
		Usr 0 00:00:00, Sys 0 00:00:00  -  Total Local Usage
	0  -  Run Bytes Sent By Job
	0  -  Run Bytes Received By Job
	0  -  Total Bytes Sent By Job
	0  -  Total Bytes Received By Job
	Partitionable Resources :    Usage  Request Allocated Assigned
	   Cpus                 :                 1         1 
	   Disk (KB)            :        1  1048576   1117636 
	   Gpus (Average)       :                 1         1 "GPU-cb6dd2be"
	   Memory (MB)          :      109     2048      2048 

	Job terminated of its own accord at 2023-01-19T18:52:34Z.
...
001 (4328792.000.000) 2023-01-19 10:52:35 Job executing on host: <10.14.9.222:9618?addrs=10.14.9.222-9618&alias=node2222.cluster.ldas.cit&noUDP&sock=startd_3526904_5dff>
...
006 (4328788.000.000) 2023-01-19 10:52:39 Image size of job updated: 117096
	115  -  MemoryUsage of job (MB)
	117096  -  ResidentSetSize of job (KB)
...
006 (4328788.000.000) 2023-01-19 10:52:42 Image size of job updated: 127112
	115  -  MemoryUsage of job (MB)
	117096  -  ResidentSetSize of job (KB)
...
005 (4328788.000.000) 2023-01-19 10:52:42 Job terminated.
	(1) Normal termination (return value 134)
		Usr 0 00:00:03, Sys 0 00:00:03  -  Run Remote Usage
		Usr 0 00:00:00, Sys 0 00:00:00  -  Run Local Usage
		Usr 0 00:00:03, Sys 0 00:00:03  -  Total Remote Usage
		Usr 0 00:00:00, Sys 0 00:00:00  -  Total Local Usage
	0  -  Run Bytes Sent By Job
	0  -  Run Bytes Received By Job
	0  -  Total Bytes Sent By Job
	0  -  Total Bytes Received By Job
	Partitionable Resources :    Usage  Request Allocated Assigned
	   Cpus                 :                 1         1 
	   Disk (KB)            :        1  1048576   1117637 
	   Gpus (Average)       :                 1         1 "GPU-94892f7c"
	   Memory (MB)          :      115     2048      2048 

	Job terminated of its own accord at 2023-01-19T18:52:42Z.
...
001 (4328794.000.000) 2023-01-19 10:52:42 Job executing on host: <10.14.2.249:9618?addrs=10.14.2.249-9618&alias=node499.cluster.ldas.cit&noUDP&sock=startd_3321117_9a10>
...
006 (4328792.000.000) 2023-01-19 10:52:43 Image size of job updated: 177368
	116  -  MemoryUsage of job (MB)
	118516  -  ResidentSetSize of job (KB)
...
006 (4328792.000.000) 2023-01-19 10:52:47 Image size of job updated: 177368
	116  -  MemoryUsage of job (MB)
	118540  -  ResidentSetSize of job (KB)
...
005 (4328792.000.000) 2023-01-19 10:52:47 Job terminated.
	(1) Normal termination (return value 134)
		Usr 0 00:00:03, Sys 0 00:00:03  -  Run Remote Usage
		Usr 0 00:00:00, Sys 0 00:00:00  -  Run Local Usage
		Usr 0 00:00:03, Sys 0 00:00:03  -  Total Remote Usage
		Usr 0 00:00:00, Sys 0 00:00:00  -  Total Local Usage
	0  -  Run Bytes Sent By Job
	0  -  Run Bytes Received By Job
	0  -  Total Bytes Sent By Job
	0  -  Total Bytes Received By Job
	Partitionable Resources :    Usage  Request Allocated Assigned
	   Cpus                 :                 1         1 
	   Disk (KB)            :        1  1048576   1117636 
	   Gpus (Average)       :                 1         1 "GPU-cb6dd2be"
	   Memory (MB)          :      116     2048      2048 

	Job terminated of its own accord at 2023-01-19T18:52:47Z.
...
001 (4328800.000.000) 2023-01-19 10:52:47 Job executing on host: <10.14.9.222:9618?addrs=10.14.9.222-9618&alias=node2222.cluster.ldas.cit&noUDP&sock=startd_3526904_5dff>
...
006 (4328794.000.000) 2023-01-19 10:52:51 Image size of job updated: 117092
	115  -  MemoryUsage of job (MB)
	117092  -  ResidentSetSize of job (KB)
...
006 (4328794.000.000) 2023-01-19 10:52:55 Image size of job updated: 127112
	115  -  MemoryUsage of job (MB)
	117092  -  ResidentSetSize of job (KB)
...
006 (4328800.000.000) 2023-01-19 10:52:55 Image size of job updated: 110792
	109  -  MemoryUsage of job (MB)
	110792  -  ResidentSetSize of job (KB)
...
005 (4328794.000.000) 2023-01-19 10:52:55 Job terminated.
	(1) Normal termination (return value 134)
		Usr 0 00:00:03, Sys 0 00:00:03  -  Run Remote Usage
		Usr 0 00:00:00, Sys 0 00:00:00  -  Run Local Usage
		Usr 0 00:00:03, Sys 0 00:00:03  -  Total Remote Usage
		Usr 0 00:00:00, Sys 0 00:00:00  -  Total Local Usage
	0  -  Run Bytes Sent By Job
	0  -  Run Bytes Received By Job
	0  -  Total Bytes Sent By Job
	0  -  Total Bytes Received By Job
	Partitionable Resources :    Usage  Request Allocated Assigned
	   Cpus                 :                 1         1 
	   Disk (KB)            :        1  1048576   1117637 
	   Gpus (Average)       :                 1         1 "GPU-94892f7c"
	   Memory (MB)          :      115     2048      2048 

	Job terminated of its own accord at 2023-01-19T18:52:55Z.
...
006 (4328800.000.000) 2023-01-19 10:52:59 Image size of job updated: 127108
	109  -  MemoryUsage of job (MB)
	110792  -  ResidentSetSize of job (KB)
...
005 (4328800.000.000) 2023-01-19 10:52:59 Job terminated.
	(1) Normal termination (return value 134)
		Usr 0 00:00:03, Sys 0 00:00:03  -  Run Remote Usage
		Usr 0 00:00:00, Sys 0 00:00:00  -  Run Local Usage
		Usr 0 00:00:03, Sys 0 00:00:03  -  Total Remote Usage
		Usr 0 00:00:00, Sys 0 00:00:00  -  Total Local Usage
	0  -  Run Bytes Sent By Job
	0  -  Run Bytes Received By Job
	0  -  Total Bytes Sent By Job
	0  -  Total Bytes Received By Job
	Partitionable Resources :    Usage  Request Allocated Assigned
	   Cpus                 :                 1         1 
	   Disk (KB)            :        1  1048576   1117636 
	   Gpus (Average)       :                 1         1 "GPU-cb6dd2be"
	   Memory (MB)          :      109     2048      2048 

	Job terminated of its own accord at 2023-01-19T18:52:59Z.
...
001 (38660749.000.000) 2023-01-19 15:04:35 Job executing on host: <10.14.3.29:9618?addrs=10.14.3.29-9618&alias=node529.cluster.ldas.cit&noUDP&sock=startd_3868_b46a>
...
001 (38660751.000.000) 2023-01-19 15:04:35 Job executing on host: <10.14.3.29:9618?addrs=10.14.3.29-9618&alias=node529.cluster.ldas.cit&noUDP&sock=startd_3868_b46a>
...
001 (38660748.000.000) 2023-01-19 15:04:35 Job executing on host: <10.14.3.27:9618?addrs=10.14.3.27-9618&alias=node527.cluster.ldas.cit&noUDP&sock=startd_3800_0ff9>
...
001 (38660750.000.000) 2023-01-19 15:04:38 Job executing on host: <10.14.0.201:9618?addrs=10.14.0.201-9618&alias=deepclean.ldas.cit&noUDP&sock=startd_1279083_207d>
...
006 (38660750.000.000) 2023-01-19 15:04:42 Image size of job updated: 328
	0  -  MemoryUsage of job (MB)
	0  -  ResidentSetSize of job (KB)
...
005 (38660750.000.000) 2023-01-19 15:04:43 Job terminated.
	(1) Normal termination (return value 0)
		Usr 0 00:00:00, Sys 0 00:00:01  -  Run Remote Usage
		Usr 0 00:00:00, Sys 0 00:00:00  -  Run Local Usage
		Usr 0 00:00:00, Sys 0 00:00:01  -  Total Remote Usage
		Usr 0 00:00:00, Sys 0 00:00:00  -  Total Local Usage
	0  -  Run Bytes Sent By Job
	0  -  Run Bytes Received By Job
	0  -  Total Bytes Sent By Job
	0  -  Total Bytes Received By Job
	Partitionable Resources :    Usage  Request Allocated Assigned
	   Cpus                 :                 1         1 
	   Disk (KB)            :        1  1048576   1663595 
	   Gpus (Average)       :                 1         1 "GPU-765738f6"
	   Memory (MB)          :        0     2048      2048 

	Job terminated of its own accord at 2023-01-19T23:04:42Z.
...
006 (38660748.000.000) 2023-01-19 15:04:44 Image size of job updated: 48200
	8  -  MemoryUsage of job (MB)
	7580  -  ResidentSetSize of job (KB)
...
006 (38660751.000.000) 2023-01-19 15:04:44 Image size of job updated: 147247052
	39  -  MemoryUsage of job (MB)
	39216  -  ResidentSetSize of job (KB)
...
006 (38660749.000.000) 2023-01-19 15:04:44 Image size of job updated: 147247052
	39  -  MemoryUsage of job (MB)
	39224  -  ResidentSetSize of job (KB)
...
001 (38660752.000.000) 2023-01-19 15:04:47 Job executing on host: <10.14.0.201:9618?addrs=10.14.0.201-9618&alias=deepclean.ldas.cit&noUDP&sock=startd_1279083_207d>
...
006 (38660752.000.000) 2023-01-19 15:04:50 Image size of job updated: 44
	0  -  MemoryUsage of job (MB)
	0  -  ResidentSetSize of job (KB)
...
005 (38660752.000.000) 2023-01-19 15:04:51 Job terminated.
	(1) Normal termination (return value 0)
		Usr 0 00:00:00, Sys 0 00:00:01  -  Run Remote Usage
		Usr 0 00:00:00, Sys 0 00:00:00  -  Run Local Usage
		Usr 0 00:00:00, Sys 0 00:00:01  -  Total Remote Usage
		Usr 0 00:00:00, Sys 0 00:00:00  -  Total Local Usage
	0  -  Run Bytes Sent By Job
	0  -  Run Bytes Received By Job
	0  -  Total Bytes Sent By Job
	0  -  Total Bytes Received By Job
	Partitionable Resources :    Usage  Request Allocated Assigned
	   Cpus                 :                 1         1 
	   Disk (KB)            :        1  1048576   1663595 
	   Gpus (Average)       :                 1         1 "GPU-765738f6"
	   Memory (MB)          :        0     2048      2048 

	Job terminated of its own accord at 2023-01-19T23:04:50Z.
...
001 (38660753.000.000) 2023-01-19 15:04:55 Job executing on host: <10.14.0.201:9618?addrs=10.14.0.201-9618&alias=deepclean.ldas.cit&noUDP&sock=startd_1279083_207d>
...
006 (38660753.000.000) 2023-01-19 15:04:59 Image size of job updated: 1
	0  -  MemoryUsage of job (MB)
	0  -  ResidentSetSize of job (KB)
...
005 (38660753.000.000) 2023-01-19 15:05:01 Job terminated.
	(1) Normal termination (return value 0)
		Usr 0 00:00:00, Sys 0 00:00:01  -  Run Remote Usage
		Usr 0 00:00:00, Sys 0 00:00:00  -  Run Local Usage
		Usr 0 00:00:00, Sys 0 00:00:01  -  Total Remote Usage
		Usr 0 00:00:00, Sys 0 00:00:00  -  Total Local Usage
	0  -  Run Bytes Sent By Job
	0  -  Run Bytes Received By Job
	0  -  Total Bytes Sent By Job
	0  -  Total Bytes Received By Job
	Partitionable Resources :    Usage  Request Allocated Assigned
	   Cpus                 :                 1         1 
	   Disk (KB)            :        1  1048576   1663595 
	   Gpus (Average)       :                 1         1 "GPU-765738f6"
	   Memory (MB)          :        0     2048      2048 

	Job terminated of its own accord at 2023-01-19T23:04:59Z.
...
001 (38660754.000.000) 2023-01-19 15:05:03 Job executing on host: <10.14.0.201:9618?addrs=10.14.0.201-9618&alias=deepclean.ldas.cit&noUDP&sock=startd_1279083_207d>
...
006 (38660754.000.000) 2023-01-19 15:05:06 Image size of job updated: 1
	0  -  MemoryUsage of job (MB)
	0  -  ResidentSetSize of job (KB)
...
005 (38660754.000.000) 2023-01-19 15:05:09 Job terminated.
	(1) Normal termination (return value 0)
		Usr 0 00:00:00, Sys 0 00:00:01  -  Run Remote Usage
		Usr 0 00:00:00, Sys 0 00:00:00  -  Run Local Usage
		Usr 0 00:00:00, Sys 0 00:00:01  -  Total Remote Usage
		Usr 0 00:00:00, Sys 0 00:00:00  -  Total Local Usage
	0  -  Run Bytes Sent By Job
	0  -  Run Bytes Received By Job
	0  -  Total Bytes Sent By Job
	0  -  Total Bytes Received By Job
	Partitionable Resources :    Usage  Request Allocated Assigned
	   Cpus                 :                 1         1 
	   Disk (KB)            :        1  1048576   1663595 
	   Gpus (Average)       :                 1         1 "GPU-765738f6"
	   Memory (MB)          :        0     2048      2048 

	Job terminated of its own accord at 2023-01-19T23:05:06Z.
...
001 (38660755.000.000) 2023-01-19 15:05:12 Job executing on host: <10.14.0.201:9618?addrs=10.14.0.201-9618&alias=deepclean.ldas.cit&noUDP&sock=startd_1279083_207d>
...
006 (38660755.000.000) 2023-01-19 15:05:15 Image size of job updated: 448
	0  -  MemoryUsage of job (MB)
	0  -  ResidentSetSize of job (KB)
...
005 (38660755.000.000) 2023-01-19 15:05:16 Job terminated.
	(1) Normal termination (return value 0)
		Usr 0 00:00:00, Sys 0 00:00:01  -  Run Remote Usage
		Usr 0 00:00:00, Sys 0 00:00:00  -  Run Local Usage
		Usr 0 00:00:00, Sys 0 00:00:01  -  Total Remote Usage
		Usr 0 00:00:00, Sys 0 00:00:00  -  Total Local Usage
	0  -  Run Bytes Sent By Job
	0  -  Run Bytes Received By Job
	0  -  Total Bytes Sent By Job
	0  -  Total Bytes Received By Job
	Partitionable Resources :    Usage  Request Allocated Assigned
	   Cpus                 :                 1         1 
	   Disk (KB)            :        1  1048576   1663595 
	   Gpus (Average)       :                 1         1 "GPU-765738f6"
	   Memory (MB)          :        0     2048      2048 

	Job terminated of its own accord at 2023-01-19T23:05:15Z.
...
001 (38660756.000.000) 2023-01-19 15:05:19 Job executing on host: <10.14.0.201:9618?addrs=10.14.0.201-9618&alias=deepclean.ldas.cit&noUDP&sock=startd_1279083_207d>
...
006 (38660756.000.000) 2023-01-19 15:05:21 Image size of job updated: 640
	0  -  MemoryUsage of job (MB)
	0  -  ResidentSetSize of job (KB)
...
005 (38660756.000.000) 2023-01-19 15:05:22 Job terminated.
	(1) Normal termination (return value 0)
		Usr 0 00:00:00, Sys 0 00:00:01  -  Run Remote Usage
		Usr 0 00:00:00, Sys 0 00:00:00  -  Run Local Usage
		Usr 0 00:00:00, Sys 0 00:00:01  -  Total Remote Usage
		Usr 0 00:00:00, Sys 0 00:00:00  -  Total Local Usage
	0  -  Run Bytes Sent By Job
	0  -  Run Bytes Received By Job
	0  -  Total Bytes Sent By Job
	0  -  Total Bytes Received By Job
	Partitionable Resources :    Usage  Request Allocated Assigned
	   Cpus                 :                 1         1 
	   Disk (KB)            :        1  1048576   1663595 
	   Gpus (Average)       :                 1         1 "GPU-765738f6"
	   Memory (MB)          :        0     2048      2048 

	Job terminated of its own accord at 2023-01-19T23:05:21Z.
...
001 (38660757.000.000) 2023-01-19 15:05:25 Job executing on host: <10.14.0.201:9618?addrs=10.14.0.201-9618&alias=deepclean.ldas.cit&noUDP&sock=startd_1279083_207d>
...
006 (38660757.000.000) 2023-01-19 15:05:29 Image size of job updated: 588
	0  -  MemoryUsage of job (MB)
	0  -  ResidentSetSize of job (KB)
...
005 (38660757.000.000) 2023-01-19 15:05:30 Job terminated.
	(1) Normal termination (return value 0)
		Usr 0 00:00:00, Sys 0 00:00:01  -  Run Remote Usage
		Usr 0 00:00:00, Sys 0 00:00:00  -  Run Local Usage
		Usr 0 00:00:00, Sys 0 00:00:01  -  Total Remote Usage
		Usr 0 00:00:00, Sys 0 00:00:00  -  Total Local Usage
	0  -  Run Bytes Sent By Job
	0  -  Run Bytes Received By Job
	0  -  Total Bytes Sent By Job
	0  -  Total Bytes Received By Job
	Partitionable Resources :    Usage  Request Allocated Assigned
	   Cpus                 :                 1         1 
	   Disk (KB)            :        1  1048576   1663595 
	   Gpus (Average)       :                 1         1 "GPU-765738f6"
	   Memory (MB)          :        0     2048      2048 

	Job terminated of its own accord at 2023-01-19T23:05:29Z.
...
006 (38660751.000.000) 2023-01-19 15:05:37 Image size of job updated: 158064364
	39  -  MemoryUsage of job (MB)
	39216  -  ResidentSetSize of job (KB)
...
005 (38660751.000.000) 2023-01-19 15:05:37 Job terminated.
	(1) Normal termination (return value 1)
		Usr 0 00:00:16, Sys 0 00:00:04  -  Run Remote Usage
		Usr 0 00:00:00, Sys 0 00:00:00  -  Run Local Usage
		Usr 0 00:00:16, Sys 0 00:00:04  -  Total Remote Usage
		Usr 0 00:00:00, Sys 0 00:00:00  -  Total Local Usage
	0  -  Run Bytes Sent By Job
	0  -  Run Bytes Received By Job
	0  -  Total Bytes Sent By Job
	0  -  Total Bytes Received By Job
	Partitionable Resources :    Usage  Request Allocated Assigned
	   Cpus                 :                 1         1 
	   Disk (KB)            :        1  1048576   1112457 
	   Gpus (Average)       :                 1         1 "GPU-3a019d98"
	   Memory (MB)          :       39     2048      2048 
	   mics                 :                           0 

	Job terminated of its own accord at 2023-01-19T23:05:37Z.
...
006 (38660749.000.000) 2023-01-19 15:05:37 Image size of job updated: 158104392
	39  -  MemoryUsage of job (MB)
	39224  -  ResidentSetSize of job (KB)
...
005 (38660749.000.000) 2023-01-19 15:05:37 Job terminated.
	(1) Normal termination (return value 1)
		Usr 0 00:00:16, Sys 0 00:00:04  -  Run Remote Usage
		Usr 0 00:00:00, Sys 0 00:00:00  -  Run Local Usage
		Usr 0 00:00:16, Sys 0 00:00:04  -  Total Remote Usage
		Usr 0 00:00:00, Sys 0 00:00:00  -  Total Local Usage
	0  -  Run Bytes Sent By Job
	0  -  Run Bytes Received By Job
	0  -  Total Bytes Sent By Job
	0  -  Total Bytes Received By Job
	Partitionable Resources :    Usage  Request Allocated Assigned
	   Cpus                 :                 1         1 
	   Disk (KB)            :        1  1048576   1112457 
	   Gpus (Average)       :                 1         1 "GPU-7181452d"
	   Memory (MB)          :       39     2048      2048 
	   mics                 :                           0 

	Job terminated of its own accord at 2023-01-19T23:05:37Z.
...
006 (38660748.000.000) 2023-01-19 15:06:09 Image size of job updated: 163593368
	8  -  MemoryUsage of job (MB)
	7628  -  ResidentSetSize of job (KB)
...
005 (38660748.000.000) 2023-01-19 15:06:09 Job terminated.
	(1) Normal termination (return value 1)
		Usr 0 00:00:27, Sys 0 00:00:07  -  Run Remote Usage
		Usr 0 00:00:00, Sys 0 00:00:00  -  Run Local Usage
		Usr 0 00:00:27, Sys 0 00:00:07  -  Total Remote Usage
		Usr 0 00:00:00, Sys 0 00:00:00  -  Total Local Usage
	0  -  Run Bytes Sent By Job
	0  -  Run Bytes Received By Job
	0  -  Total Bytes Sent By Job
	0  -  Total Bytes Received By Job
	Partitionable Resources :    Usage  Request Allocated Assigned
	   Cpus                 :     0.31        1         1 
	   Disk (KB)            :     1     1048576   1180064 
	   Gpus (Average)       :     0           1         1 "GPU-7c36c2e7"
	   GpusMemory (MB)      :     3                       
	   Memory (MB)          :     8        2048      2048 

	Job terminated of its own accord at 2023-01-19T23:06:09Z.
...
000 (112751548.000.000) 2023-01-29 14:06:09 Job submitted from host: <10.14.0.52:9618?addrs=10.14.0.52-9618&alias=ldas-pcdev6.ligo.caltech.edu&noUDP&sock=schedd_9380_7a70>
...
001 (112751548.000.000) 2023-01-29 14:07:02 Job executing on host: <10.14.3.32:9618?addrs=10.14.3.32-9618&alias=node532.cluster.ldas.cit&noUDP&sock=startd_8392_cade>
...
006 (112751548.000.000) 2023-01-29 14:07:11 Image size of job updated: 39548
	31  -  MemoryUsage of job (MB)
	30772  -  ResidentSetSize of job (KB)
...
006 (112751548.000.000) 2023-01-29 14:12:11 Image size of job updated: 161045796
	1413  -  MemoryUsage of job (MB)
	1446844  -  ResidentSetSize of job (KB)
...
006 (112751548.000.000) 2023-01-29 14:17:11 Image size of job updated: 161045796
	1432  -  MemoryUsage of job (MB)
	1465532  -  ResidentSetSize of job (KB)
...
006 (112751548.000.000) 2023-01-29 14:22:12 Image size of job updated: 161047168
	1454  -  MemoryUsage of job (MB)
	1488292  -  ResidentSetSize of job (KB)
...
006 (112751548.000.000) 2023-01-29 14:27:12 Image size of job updated: 161047168
	1468  -  MemoryUsage of job (MB)
	1502692  -  ResidentSetSize of job (KB)
...
006 (112751548.000.000) 2023-01-29 14:32:12 Image size of job updated: 161047168
	1482  -  MemoryUsage of job (MB)
	1517544  -  ResidentSetSize of job (KB)
...
006 (112751548.000.000) 2023-01-29 14:37:13 Image size of job updated: 161050032
	1508  -  MemoryUsage of job (MB)
	1543916  -  ResidentSetSize of job (KB)
...
006 (112751548.000.000) 2023-01-29 14:42:13 Image size of job updated: 161050032
	1527  -  MemoryUsage of job (MB)
	1563352  -  ResidentSetSize of job (KB)
...
006 (112751548.000.000) 2023-01-29 14:47:13 Image size of job updated: 161050032
	1551  -  MemoryUsage of job (MB)
	1587216  -  ResidentSetSize of job (KB)
...
006 (112751548.000.000) 2023-01-29 14:52:15 Image size of job updated: 161059252
	1566  -  MemoryUsage of job (MB)
	1603352  -  ResidentSetSize of job (KB)
...
006 (112751548.000.000) 2023-01-29 14:57:15 Image size of job updated: 161061116
	1582  -  MemoryUsage of job (MB)
	1619328  -  ResidentSetSize of job (KB)
...
006 (112751548.000.000) 2023-01-29 15:02:15 Image size of job updated: 161061116
	1615  -  MemoryUsage of job (MB)
	1652896  -  ResidentSetSize of job (KB)
...
006 (112751548.000.000) 2023-01-29 15:07:16 Image size of job updated: 161066544
	1632  -  MemoryUsage of job (MB)
	1670264  -  ResidentSetSize of job (KB)
...
006 (112751548.000.000) 2023-01-29 15:12:16 Image size of job updated: 161069308
	1651  -  MemoryUsage of job (MB)
	1689616  -  ResidentSetSize of job (KB)
...
006 (112751548.000.000) 2023-01-29 15:17:16 Image size of job updated: 161071028
	1667  -  MemoryUsage of job (MB)
	1706980  -  ResidentSetSize of job (KB)
...
006 (112751548.000.000) 2023-01-29 15:22:17 Image size of job updated: 161074784
	1689  -  MemoryUsage of job (MB)
	1728768  -  ResidentSetSize of job (KB)
...
006 (112751548.000.000) 2023-01-29 15:27:17 Image size of job updated: 161074784
	1709  -  MemoryUsage of job (MB)
	1749740  -  ResidentSetSize of job (KB)
...
006 (112751548.000.000) 2023-01-29 15:32:17 Image size of job updated: 161084200
	1735  -  MemoryUsage of job (MB)
	1776312  -  ResidentSetSize of job (KB)
...
006 (112751548.000.000) 2023-01-29 15:37:18 Image size of job updated: 161087024
	1757  -  MemoryUsage of job (MB)
	1798712  -  ResidentSetSize of job (KB)
...
006 (112751548.000.000) 2023-01-29 15:42:18 Image size of job updated: 161090812
	1782  -  MemoryUsage of job (MB)
	1824004  -  ResidentSetSize of job (KB)
...
006 (112751548.000.000) 2023-01-29 15:47:18 Image size of job updated: 161097504
	1836  -  MemoryUsage of job (MB)
	1880060  -  ResidentSetSize of job (KB)
...
006 (112751548.000.000) 2023-01-29 15:52:19 Image size of job updated: 161133176
	1858  -  MemoryUsage of job (MB)
	1902172  -  ResidentSetSize of job (KB)
...
006 (112751548.000.000) 2023-01-29 15:57:20 Image size of job updated: 161134132
	1881  -  MemoryUsage of job (MB)
	1926132  -  ResidentSetSize of job (KB)
...
006 (112751548.000.000) 2023-01-29 16:02:20 Image size of job updated: 161134132
	1898  -  MemoryUsage of job (MB)
	1943264  -  ResidentSetSize of job (KB)
...
006 (112751548.000.000) 2023-01-29 16:07:21 Image size of job updated: 161134132
	1918  -  MemoryUsage of job (MB)
	1963688  -  ResidentSetSize of job (KB)
...
006 (112751548.000.000) 2023-01-29 16:12:21 Image size of job updated: 161143420
	1943  -  MemoryUsage of job (MB)
	1989248  -  ResidentSetSize of job (KB)
...
006 (112751548.000.000) 2023-01-29 16:17:21 Image size of job updated: 161150904
	1966  -  MemoryUsage of job (MB)
	2012884  -  ResidentSetSize of job (KB)
...
006 (112751548.000.000) 2023-01-29 16:22:22 Image size of job updated: 161152712
	1980  -  MemoryUsage of job (MB)
	2026728  -  ResidentSetSize of job (KB)
...
006 (112751548.000.000) 2023-01-29 16:27:22 Image size of job updated: 161155440
	1998  -  MemoryUsage of job (MB)
	2045040  -  ResidentSetSize of job (KB)
...
006 (112751548.000.000) 2023-01-29 16:32:22 Image size of job updated: 161159192
	2019  -  MemoryUsage of job (MB)
	2066948  -  ResidentSetSize of job (KB)
...
006 (112751548.000.000) 2023-01-29 16:37:23 Image size of job updated: 161159192
	2044  -  MemoryUsage of job (MB)
	2092620  -  ResidentSetSize of job (KB)
...
006 (112751548.000.000) 2023-01-29 16:42:23 Image size of job updated: 161164760
	2068  -  MemoryUsage of job (MB)
	2117384  -  ResidentSetSize of job (KB)
...
006 (112751548.000.000) 2023-01-29 16:47:23 Image size of job updated: 161167540
	2093  -  MemoryUsage of job (MB)
	2142392  -  ResidentSetSize of job (KB)
...
006 (112751548.000.000) 2023-01-29 16:52:24 Image size of job updated: 161174128
	2116  -  MemoryUsage of job (MB)
	2166456  -  ResidentSetSize of job (KB)
...
006 (112751548.000.000) 2023-01-29 16:57:25 Image size of job updated: 161175036
	2142  -  MemoryUsage of job (MB)
	2193140  -  ResidentSetSize of job (KB)
...
006 (112751548.000.000) 2023-01-29 17:02:25 Image size of job updated: 161175036
	2162  -  MemoryUsage of job (MB)
	2212952  -  ResidentSetSize of job (KB)
...
006 (112751548.000.000) 2023-01-29 17:07:27 Image size of job updated: 161185240
	2185  -  MemoryUsage of job (MB)
	2236476  -  ResidentSetSize of job (KB)
...
006 (112751548.000.000) 2023-01-29 17:12:27 Image size of job updated: 161190956
	2239  -  MemoryUsage of job (MB)
	2292680  -  ResidentSetSize of job (KB)
...
006 (112751548.000.000) 2023-01-29 17:17:27 Image size of job updated: 161194720
	2261  -  MemoryUsage of job (MB)
	2315088  -  ResidentSetSize of job (KB)
...
006 (112751548.000.000) 2023-01-29 17:22:28 Image size of job updated: 161197540
	2278  -  MemoryUsage of job (MB)
	2332252  -  ResidentSetSize of job (KB)
...
007 (112751548.000.000) 2023-01-29 17:33:54 Shadow exception!
	Assertion ERROR on (result)
	0  -  Run Bytes Sent By Job
	0  -  Run Bytes Received By Job
...
001 (112751548.000.000) 2023-01-29 17:34:48 Job executing on host: <10.14.3.27:9618?addrs=10.14.3.27-9618&alias=node527.cluster.ldas.cit&noUDP&sock=startd_3800_0ff9>
...
006 (112751548.000.000) 2023-01-29 20:40:10 Image size of job updated: 175000000
	2460  -  MemoryUsage of job (MB)
	2519024  -  ResidentSetSize of job (KB)
...
006 (112751548.000.000) 2023-01-29 20:45:10 Image size of job updated: 175000000
	2486  -  MemoryUsage of job (MB)
	2544856  -  ResidentSetSize of job (KB)
...
006 (112751548.000.000) 2023-01-29 20:50:10 Image size of job updated: 175000000
	2510  -  MemoryUsage of job (MB)
	2570068  -  ResidentSetSize of job (KB)
...
006 (112751548.000.000) 2023-01-29 20:55:11 Image size of job updated: 175000000
	2535  -  MemoryUsage of job (MB)
	2595648  -  ResidentSetSize of job (KB)
...
006 (112751548.000.000) 2023-01-29 21:00:11 Image size of job updated: 175000000
	2560  -  MemoryUsage of job (MB)
	2620980  -  ResidentSetSize of job (KB)
...
006 (112751548.000.000) 2023-01-29 21:05:11 Image size of job updated: 175000000
	2590  -  MemoryUsage of job (MB)
	2651280  -  ResidentSetSize of job (KB)
...
006 (112751548.000.000) 2023-01-29 21:10:13 Image size of job updated: 175000000
	2744  -  MemoryUsage of job (MB)
	2809300  -  ResidentSetSize of job (KB)
...
006 (112751548.000.000) 2023-01-29 21:15:13 Image size of job updated: 175000000
	2765  -  MemoryUsage of job (MB)
	2830780  -  ResidentSetSize of job (KB)
...
006 (112751548.000.000) 2023-01-29 21:20:13 Image size of job updated: 175000000
	2786  -  MemoryUsage of job (MB)
	2852516  -  ResidentSetSize of job (KB)
...
006 (112751548.000.000) 2023-01-29 21:25:14 Image size of job updated: 175000000
	2810  -  MemoryUsage of job (MB)
	2876700  -  ResidentSetSize of job (KB)
...
006 (112751548.000.000) 2023-01-29 21:30:14 Image size of job updated: 175000000
	2836  -  MemoryUsage of job (MB)
	2903052  -  ResidentSetSize of job (KB)
...
006 (112751548.000.000) 2023-01-29 21:35:14 Image size of job updated: 175000000
	2863  -  MemoryUsage of job (MB)
	2930992  -  ResidentSetSize of job (KB)
...
006 (112751548.000.000) 2023-01-29 21:40:15 Image size of job updated: 175000000
	2889  -  MemoryUsage of job (MB)
	2958028  -  ResidentSetSize of job (KB)
...
006 (112751548.000.000) 2023-01-29 21:45:16 Image size of job updated: 175000000
	2915  -  MemoryUsage of job (MB)
	2984744  -  ResidentSetSize of job (KB)
...
006 (112751548.000.000) 2023-01-29 21:50:16 Image size of job updated: 175000000
	2943  -  MemoryUsage of job (MB)
	3012732  -  ResidentSetSize of job (KB)
...
006 (112751548.000.000) 2023-01-29 21:55:17 Image size of job updated: 175000000
	2969  -  MemoryUsage of job (MB)
	3039724  -  ResidentSetSize of job (KB)
...
006 (112751548.000.000) 2023-01-29 22:00:18 Image size of job updated: 175000000
	2996  -  MemoryUsage of job (MB)
	3067220  -  ResidentSetSize of job (KB)
...
006 (112751548.000.000) 2023-01-29 22:05:18 Image size of job updated: 175000000
	3022  -  MemoryUsage of job (MB)
	3094508  -  ResidentSetSize of job (KB)
...
006 (112751548.000.000) 2023-01-29 22:10:19 Image size of job updated: 175000000
	3052  -  MemoryUsage of job (MB)
	3124372  -  ResidentSetSize of job (KB)
...
006 (112751548.000.000) 2023-01-29 22:15:20 Image size of job updated: 175000000
	3077  -  MemoryUsage of job (MB)
	3149928  -  ResidentSetSize of job (KB)
...
012 (112751548.000.000) 2023-01-29 22:15:20 Job was held.
	MemoryUsage 3077 MB > RequestMemory 2048 MB.
	Code 26 Subcode 0
...
000 (112769669.000.000) 2023-01-30 06:26:33 Job submitted from host: <10.14.0.52:9618?addrs=10.14.0.52-9618&alias=ldas-pcdev6.ligo.caltech.edu&noUDP&sock=schedd_9380_7a70>
...
000 (112769670.000.000) 2023-01-30 06:27:42 Job submitted from host: <10.14.0.52:9618?addrs=10.14.0.52-9618&alias=ldas-pcdev6.ligo.caltech.edu&noUDP&sock=schedd_9380_7a70>
...
001 (112769670.000.000) 2023-01-30 06:27:51 Job executing on host: <10.14.3.29:9618?addrs=10.14.3.29-9618&alias=node529.cluster.ldas.cit&noUDP&sock=startd_3868_b46a>
...
001 (112769669.000.000) 2023-01-30 06:27:51 Job executing on host: <10.14.3.32:9618?addrs=10.14.3.32-9618&alias=node532.cluster.ldas.cit&noUDP&sock=startd_8392_cade>
...
006 (112769670.000.000) 2023-01-30 06:28:00 Image size of job updated: 74956
	1  -  MemoryUsage of job (MB)
	924  -  ResidentSetSize of job (KB)
...
006 (112769669.000.000) 2023-01-30 06:28:00 Image size of job updated: 56140
	1  -  MemoryUsage of job (MB)
	992  -  ResidentSetSize of job (KB)
...
000 (112769681.000.000) 2023-01-30 06:28:31 Job submitted from host: <10.14.0.52:9618?addrs=10.14.0.52-9618&alias=ldas-pcdev6.ligo.caltech.edu&noUDP&sock=schedd_9380_7a70>
...
001 (112769681.000.000) 2023-01-30 06:29:31 Job executing on host: <10.14.9.231:9618?addrs=10.14.9.231-9618&alias=node2231.cluster.ldas.cit&noUDP&sock=startd_3261014_f166>
...
006 (112769681.000.000) 2023-01-30 06:29:39 Image size of job updated: 43972
	35  -  MemoryUsage of job (MB)
	35180  -  ResidentSetSize of job (KB)
...
006 (112769681.000.000) 2023-01-30 06:30:17 Image size of job updated: 4738512
	35  -  MemoryUsage of job (MB)
	35180  -  ResidentSetSize of job (KB)
...
005 (112769681.000.000) 2023-01-30 06:30:17 Job terminated.
	(1) Normal termination (return value 134)
		Usr 0 00:00:02, Sys 0 00:00:03  -  Run Remote Usage
		Usr 0 00:00:00, Sys 0 00:00:00  -  Run Local Usage
		Usr 0 00:00:02, Sys 0 00:00:03  -  Total Remote Usage
		Usr 0 00:00:00, Sys 0 00:00:00  -  Total Local Usage
	0  -  Run Bytes Sent By Job
	0  -  Run Bytes Received By Job
	0  -  Total Bytes Sent By Job
	0  -  Total Bytes Received By Job
	Partitionable Resources :    Usage  Request Allocated Assigned
	   Cpus                 :                 1         1 
	   Disk (KB)            :        1  1048576   1117636 
	   Gpus (Average)       :                 1         1 "GPU-829d8f21"
	   Memory (MB)          :       35     2048      2048 

	Job terminated of its own accord at 2023-01-30T14:30:17Z.
...
006 (112769669.000.000) 2023-01-30 06:30:28 Image size of job updated: 1415144
	2  -  MemoryUsage of job (MB)
	1036  -  ResidentSetSize of job (KB)
...
005 (112769669.000.000) 2023-01-30 06:30:28 Job terminated.
	(1) Normal termination (return value 1)
		Usr 0 00:00:10, Sys 0 00:00:04  -  Run Remote Usage
		Usr 0 00:00:00, Sys 0 00:00:00  -  Run Local Usage
		Usr 0 00:00:10, Sys 0 00:00:04  -  Total Remote Usage
		Usr 0 00:00:00, Sys 0 00:00:00  -  Total Local Usage
	0  -  Run Bytes Sent By Job
	0  -  Run Bytes Received By Job
	0  -  Total Bytes Sent By Job
	0  -  Total Bytes Received By Job
	Partitionable Resources :    Usage  Request Allocated Assigned
	   Cpus                 :                 1         1 
	   Disk (KB)            :        1  1048576   1117239 
	   Gpus (Average)       :                 1         1 "GPU-4d8a9169"
	   Memory (MB)          :        2     2048      2048 
	   mics                 :                           0 

	Job terminated of its own accord at 2023-01-30T14:30:28Z.
...
006 (112769670.000.000) 2023-01-30 06:31:23 Image size of job updated: 147247052
	2  -  MemoryUsage of job (MB)
	1084  -  ResidentSetSize of job (KB)
...
005 (112769670.000.000) 2023-01-30 06:31:23 Job terminated.
	(1) Normal termination (return value 1)
		Usr 0 00:00:11, Sys 0 00:00:04  -  Run Remote Usage
		Usr 0 00:00:00, Sys 0 00:00:00  -  Run Local Usage
		Usr 0 00:00:11, Sys 0 00:00:04  -  Total Remote Usage
		Usr 0 00:00:00, Sys 0 00:00:00  -  Total Local Usage
	0  -  Run Bytes Sent By Job
	0  -  Run Bytes Received By Job
	0  -  Total Bytes Sent By Job
	0  -  Total Bytes Received By Job
	Partitionable Resources :    Usage  Request Allocated Assigned
	   Cpus                 :                 1         1 
	   Disk (KB)            :        1  1048576   1112457 
	   Gpus (Average)       :                 1         1 "GPU-7181452d"
	   Memory (MB)          :        2     2048      2048 
	   mics                 :                           0 

	Job terminated of its own accord at 2023-01-30T14:31:23Z.
...
000 (112769696.000.000) 2023-01-30 06:37:33 Job submitted from host: <10.14.0.52:9618?addrs=10.14.0.52-9618&alias=ldas-pcdev6.ligo.caltech.edu&noUDP&sock=schedd_9380_7a70>
...
001 (112769696.000.000) 2023-01-30 06:37:50 Job executing on host: <10.14.9.225:9618?addrs=10.14.9.225-9618&alias=node2225.cluster.ldas.cit&noUDP&sock=startd_3804420_42a9>
...
006 (112769696.000.000) 2023-01-30 06:37:59 Image size of job updated: 47448
	38  -  MemoryUsage of job (MB)
	38532  -  ResidentSetSize of job (KB)
...
006 (112769696.000.000) 2023-01-30 06:38:25 Image size of job updated: 4738504
	38  -  MemoryUsage of job (MB)
	38532  -  ResidentSetSize of job (KB)
...
005 (112769696.000.000) 2023-01-30 06:38:25 Job terminated.
	(1) Normal termination (return value 134)
		Usr 0 00:00:02, Sys 0 00:00:03  -  Run Remote Usage
		Usr 0 00:00:00, Sys 0 00:00:00  -  Run Local Usage
		Usr 0 00:00:02, Sys 0 00:00:03  -  Total Remote Usage
		Usr 0 00:00:00, Sys 0 00:00:00  -  Total Local Usage
	0  -  Run Bytes Sent By Job
	0  -  Run Bytes Received By Job
	0  -  Total Bytes Sent By Job
	0  -  Total Bytes Received By Job
	Partitionable Resources :    Usage  Request Allocated Assigned
	   Cpus                 :                 1         1 
	   Disk (KB)            :        1  1048576   1117636 
	   Gpus (Average)       :                 1         1 "GPU-844256a4"
	   Memory (MB)          :       38     2048      2048 

	Job terminated of its own accord at 2023-01-30T14:38:25Z.
...
000 (112074425.000.000) 2023-02-06 10:05:35 Job submitted from host: <10.14.0.160:9618?addrs=10.14.0.160-9618&alias=ldas-pcdev2.ligo.caltech.edu&noUDP&sock=schedd_4341_24b6>
...
001 (112074425.000.000) 2023-02-06 10:06:37 Job executing on host: <10.14.3.27:9618?addrs=10.14.3.27-9618&alias=node527.cluster.ldas.cit&noUDP&sock=startd_3800_0ff9>
...
006 (112074425.000.000) 2023-02-06 10:06:46 Image size of job updated: 151441420
	39  -  MemoryUsage of job (MB)
	39276  -  ResidentSetSize of job (KB)
...
006 (112074425.000.000) 2023-02-06 10:11:47 Image size of job updated: 166250836
	1984  -  MemoryUsage of job (MB)
	2031464  -  ResidentSetSize of job (KB)
...
006 (112074425.000.000) 2023-02-06 10:16:47 Image size of job updated: 166260164
	2095  -  MemoryUsage of job (MB)
	2144456  -  ResidentSetSize of job (KB)
...
006 (112074425.000.000) 2023-02-06 10:21:47 Image size of job updated: 166276872
	2205  -  MemoryUsage of job (MB)
	2257244  -  ResidentSetSize of job (KB)
...
006 (112074425.000.000) 2023-02-06 10:26:48 Image size of job updated: 166617720
	2473  -  MemoryUsage of job (MB)
	2531540  -  ResidentSetSize of job (KB)
...
006 (112074425.000.000) 2023-02-06 10:31:48 Image size of job updated: 166652540
	2584  -  MemoryUsage of job (MB)
	2645936  -  ResidentSetSize of job (KB)
...
006 (112074425.000.000) 2023-02-06 10:36:48 Image size of job updated: 166652540
	2660  -  MemoryUsage of job (MB)
	2722968  -  ResidentSetSize of job (KB)
...
006 (112074425.000.000) 2023-02-06 10:41:49 Image size of job updated: 166661988
	2742  -  MemoryUsage of job (MB)
	2807512  -  ResidentSetSize of job (KB)
...
006 (112074425.000.000) 2023-02-06 10:46:50 Image size of job updated: 166994944
	2954  -  MemoryUsage of job (MB)
	3024680  -  ResidentSetSize of job (KB)
...
006 (112074425.000.000) 2023-02-06 10:51:50 Image size of job updated: 166995200
	3026  -  MemoryUsage of job (MB)
	3098484  -  ResidentSetSize of job (KB)
...
006 (112074425.000.000) 2023-02-06 10:56:51 Image size of job updated: 167358592
	3368  -  MemoryUsage of job (MB)
	3447960  -  ResidentSetSize of job (KB)
...
006 (112074425.000.000) 2023-02-06 10:56:51 Image size of job updated: 167358592
	3368  -  MemoryUsage of job (MB)
	3447964  -  ResidentSetSize of job (KB)
...
012 (112074425.000.000) 2023-02-06 10:56:51 Job was held.
	MemoryUsage 3368 MB > RequestMemory 2048 MB.
	Code 26 Subcode 0
...
